0:0:0:0:0:0:0:1 - - [11/Jun/2015:12:05:04 +0200] "GET / HTTP/1.1" 200 470
0:0:0:0:0:0:0:1 - - [11/Jun/2015:12:05:04 +0200] "GET /webjars/jquery/2.0.3/jquery.min.js HTTP/1.1" 404 149
0:0:0:0:0:0:0:1 - - [11/Jun/2015:12:08:50 +0200] "GET / HTTP/1.1" 200 470
0:0:0:0:0:0:0:1 - - [11/Jun/2015:12:08:51 +0200] "GET /webjars/jquery/2.0.3/jquery.min.js HTTP/1.1" 404 149
0:0:0:0:0:0:0:1 - - [11/Jun/2015:12:10:15 +0200] "GET / HTTP/1.1" 200 1162
0:0:0:0:0:0:0:1 - - [11/Jun/2015:12:10:15 +0200] "GET /css/bootstrap.min.css HTTP/1.1" 200 83053
0:0:0:0:0:0:0:1 - - [11/Jun/2015:13:12:22 +0200] "GET /issues/tokn136/tado-issue-creator HTTP/1.1" 500 400
0:0:0:0:0:0:0:1 - - [11/Jun/2015:13:15:08 +0200] "GET /issues/tokn136/tado-issue-creator HTTP/1.1" 200 1563
0:0:0:0:0:0:0:1 - - [11/Jun/2015:13:15:09 +0200] "GET /css/bootstrap.min.css HTTP/1.1" 304 -
0:0:0:0:0:0:0:1 - - [11/Jun/2015:13:15:17 +0200] "GET / HTTP/1.1" 200 1309
0:0:0:0:0:0:0:1 - - [11/Jun/2015:13:15:19 +0200] "GET / HTTP/1.1" 200 1309
0:0:0:0:0:0:0:1 - - [11/Jun/2015:13:15:20 +0200] "GET / HTTP/1.1" 200 1309
0:0:0:0:0:0:0:1 - - [11/Jun/2015:13:15:39 +0200] "GET / HTTP/1.1" 200 1309
0:0:0:0:0:0:0:1 - - [11/Jun/2015:13:15:47 +0200] "GET /?form HTTP/1.1" 200 1309
0:0:0:0:0:0:0:1 - - [11/Jun/2015:13:18:13 +0200] "GET /?form HTTP/1.1" 200 1311
0:0:0:0:0:0:0:1 - - [11/Jun/2015:13:18:21 +0200] "GET /issues/tokn136/tado-issue-creator HTTP/1.1" 200 1569
0:0:0:0:0:0:0:1 - - [11/Jun/2015:13:38:15 +0200] "GET /issues/tokn136/tado-issue-creator HTTP/1.1" 200 1579
0:0:0:0:0:0:0:1 - - [11/Jun/2015:13:38:16 +0200] "GET /css/bootstrap.min.css HTTP/1.1" 304 -
0:0:0:0:0:0:0:1 - - [11/Jun/2015:13:38:44 +0200] "GET /issues/tokn136/tado-issue-creator HTTP/1.1" 200 1579
0:0:0:0:0:0:0:1 - - [11/Jun/2015:13:39:44 +0200] "GET /issues/tokn136/tado-issue-creator HTTP/1.1" 200 1579
127.0.0.1 - - [11/Jun/2015:13:40:33 +0200] "GET /issues/tokn136/tado-issue-creator HTTP/1.1" 200 1797
127.0.0.1 - - [11/Jun/2015:13:40:33 +0200] "GET /issues/tokn136/tado-issue-creator HTTP/1.1" 200 1797
127.0.0.1 - - [11/Jun/2015:13:40:52 +0200] "GET / HTTP/1.1" 200 1311
127.0.0.1 - - [11/Jun/2015:13:41:01 +0200] "GET / HTTP/1.1" 200 1311
0:0:0:0:0:0:0:1 - - [11/Jun/2015:13:51:18 +0200] "GET /login HTTP/1.1" 500 438
0:0:0:0:0:0:0:1 - - [11/Jun/2015:13:52:03 +0200] "GET /login HTTP/1.1" 200 1253
0:0:0:0:0:0:0:1 - - [11/Jun/2015:13:52:03 +0200] "GET /css/bootstrap.min.css HTTP/1.1" 304 -
0:0:0:0:0:0:0:1 - - [11/Jun/2015:13:53:14 +0200] "GET /login HTTP/1.1" 200 1304
0:0:0:0:0:0:0:1 - - [11/Jun/2015:13:53:19 +0200] "POST /?login HTTP/1.1" 200 1253
0:0:0:0:0:0:0:1 - - [11/Jun/2015:13:53:34 +0200] "GET /login HTTP/1.1" 200 1304
0:0:0:0:0:0:0:1 - - [11/Jun/2015:13:53:43 +0200] "POST /?login HTTP/1.1" 200 1253
0:0:0:0:0:0:0:1 - - [11/Jun/2015:13:55:26 +0200] "GET /login HTTP/1.1" 200 1303
0:0:0:0:0:0:0:1 - - [11/Jun/2015:13:55:41 +0200] "POST /login HTTP/1.1" 500 401
0:0:0:0:0:0:0:1 - - [11/Jun/2015:14:09:15 +0200] "GET /login HTTP/1.1" 200 1303
0:0:0:0:0:0:0:1 - - [11/Jun/2015:14:09:16 +0200] "GET /css/bootstrap.min.css HTTP/1.1" 304 -
0:0:0:0:0:0:0:1 - - [11/Jun/2015:14:12:14 +0200] "GET /login HTTP/1.1" 200 1303
0:0:0:0:0:0:0:1 - - [11/Jun/2015:14:12:27 +0200] "POST /login HTTP/1.1" 302 -
0:0:0:0:0:0:0:1 - - [11/Jun/2015:14:12:28 +0200] "GET /issues HTTP/1.1" 200 1224
127.0.0.1 - - [11/Jun/2015:14:14:07 +0200] "GET /login HTTP/1.1" 200 1294
127.0.0.1 - - [11/Jun/2015:14:14:32 +0200] "POST /login HTTP/1.1" 302 -
127.0.0.1 - - [11/Jun/2015:14:14:33 +0200] "GET /issues HTTP/1.1" 200 1224
0:0:0:0:0:0:0:1 - - [11/Jun/2015:14:15:37 +0200] "GET /login HTTP/1.1" 200 1294
0:0:0:0:0:0:0:1 - - [11/Jun/2015:14:15:40 +0200] "GET /login HTTP/1.1" 200 1294
0:0:0:0:0:0:0:1 - - [11/Jun/2015:14:15:55 +0200] "POST /login HTTP/1.1" 302 -
0:0:0:0:0:0:0:1 - - [11/Jun/2015:14:15:56 +0200] "GET /issues HTTP/1.1" 200 1224
0:0:0:0:0:0:0:1 - - [11/Jun/2015:14:16:55 +0200] "GET /login HTTP/1.1" 200 1294
0:0:0:0:0:0:0:1 - - [11/Jun/2015:14:17:08 +0200] "POST /login HTTP/1.1" 302 -
0:0:0:0:0:0:0:1 - - [11/Jun/2015:14:17:10 +0200] "GET /issues HTTP/1.1" 200 1224
0:0:0:0:0:0:0:1 - - [11/Jun/2015:14:18:34 +0200] "GET /login HTTP/1.1" 200 1298
0:0:0:0:0:0:0:1 - - [11/Jun/2015:14:18:35 +0200] "GET /login HTTP/1.1" 200 1298
0:0:0:0:0:0:0:1 - - [11/Jun/2015:14:20:05 +0200] "GET /login HTTP/1.1" 200 1306
0:0:0:0:0:0:0:1 - - [11/Jun/2015:14:20:37 +0200] "POST /login HTTP/1.1" 302 -
0:0:0:0:0:0:0:1 - - [11/Jun/2015:14:20:45 +0200] "GET /issues HTTP/1.1" 200 1739
0:0:0:0:0:0:0:1 - - [11/Jun/2015:14:20:54 +0200] "GET /?form HTTP/1.1" 200 1253
0:0:0:0:0:0:0:1 - - [11/Jun/2015:14:26:32 +0200] "GET /login HTTP/1.1" 200 1311
0:0:0:0:0:0:0:1 - - [11/Jun/2015:14:26:33 +0200] "GET /css/bootstrap.min.css HTTP/1.1" 304 -
0:0:0:0:0:0:0:1 - - [11/Jun/2015:14:26:40 +0200] "POST /login HTTP/1.1" 302 -
0:0:0:0:0:0:0:1 - - [11/Jun/2015:14:26:41 +0200] "GET /issues HTTP/1.1" 200 1815
0:0:0:0:0:0:0:1 - - [11/Jun/2015:14:26:47 +0200] "GET /?form HTTP/1.1" 200 1259
0:0:0:0:0:0:0:1 - - [11/Jun/2015:14:27:24 +0200] "POST /create HTTP/1.1" 405 339
0:0:0:0:0:0:0:1 - - [11/Jun/2015:14:28:17 +0200] "GET /login HTTP/1.1" 200 1311
0:0:0:0:0:0:0:1 - - [11/Jun/2015:14:28:39 +0200] "POST /login HTTP/1.1" 302 -
0:0:0:0:0:0:0:1 - - [11/Jun/2015:14:28:40 +0200] "GET /issues HTTP/1.1" 200 1815
0:0:0:0:0:0:0:1 - - [11/Jun/2015:14:28:44 +0200] "GET /?form HTTP/1.1" 200 1266
0:0:0:0:0:0:0:1 - - [11/Jun/2015:14:29:06 +0200] "POST /issues/create HTTP/1.1" 302 -
0:0:0:0:0:0:0:1 - - [11/Jun/2015:14:29:07 +0200] "GET /issues HTTP/1.1" 200 2114
0:0:0:0:0:0:0:1 - - [11/Jun/2015:14:32:22 +0200] "GET / HTTP/1.1" 302 -
0:0:0:0:0:0:0:1 - - [11/Jun/2015:14:32:23 +0200] "GET /login HTTP/1.1" 200 1329
0:0:0:0:0:0:0:1 - - [11/Jun/2015:14:32:28 +0200] "POST /login HTTP/1.1" 302 -
0:0:0:0:0:0:0:1 - - [11/Jun/2015:14:32:29 +0200] "GET /issues HTTP/1.1" 200 2113
0:0:0:0:0:0:0:1 - - [11/Jun/2015:14:43:08 +0200] "GET /login HTTP/1.1" 200 1329
0:0:0:0:0:0:0:1 - - [11/Jun/2015:14:43:09 +0200] "GET /css/bootstrap.min.css HTTP/1.1" 304 -
0:0:0:0:0:0:0:1 - - [11/Jun/2015:14:47:12 +0200] "GET /login HTTP/1.1" 200 1355
0:0:0:0:0:0:0:1 - - [11/Jun/2015:14:47:15 +0200] "POST /login HTTP/1.1" 302 -
0:0:0:0:0:0:0:1 - - [11/Jun/2015:14:47:16 +0200] "GET /issues HTTP/1.1" 200 2137
0:0:0:0:0:0:0:1 - - [11/Jun/2015:14:49:20 +0200] "GET /login HTTP/1.1" 200 1438
0:0:0:0:0:0:0:1 - - [11/Jun/2015:14:53:46 +0200] "GET /login HTTP/1.1" 500 415
0:0:0:0:0:0:0:1 - - [11/Jun/2015:14:56:08 +0200] "GET /login HTTP/1.1" 200 1365
0:0:0:0:0:0:0:1 - - [11/Jun/2015:14:56:13 +0200] "POST /login HTTP/1.1" 302 -
0:0:0:0:0:0:0:1 - - [11/Jun/2015:14:56:14 +0200] "GET /issues HTTP/1.1" 500 413
0:0:0:0:0:0:0:1 - - [11/Jun/2015:14:57:08 +0200] "GET /login HTTP/1.1" 200 1365
0:0:0:0:0:0:0:1 - - [11/Jun/2015:14:58:07 +0200] "POST /login HTTP/1.1" 302 -
0:0:0:0:0:0:0:1 - - [11/Jun/2015:14:58:12 +0200] "GET /issues HTTP/1.1" 500 413
0:0:0:0:0:0:0:1 - - [11/Jun/2015:14:59:23 +0200] "GET /login HTTP/1.1" 500 413
0:0:0:0:0:0:0:1 - - [11/Jun/2015:15:00:41 +0200] "GET /login HTTP/1.1" 200 1365
0:0:0:0:0:0:0:1 - - [11/Jun/2015:15:00:42 +0200] "GET /css/bootstrap.min.css HTTP/1.1" 304 -
0:0:0:0:0:0:0:1 - - [11/Jun/2015:15:00:46 +0200] "POST /login HTTP/1.1" 302 -
0:0:0:0:0:0:0:1 - - [11/Jun/2015:15:00:47 +0200] "GET /issues HTTP/1.1" 500 413
0:0:0:0:0:0:0:1 - - [11/Jun/2015:15:02:18 +0200] "GET /issues HTTP/1.1" 500 319
0:0:0:0:0:0:0:1 - - [11/Jun/2015:15:02:21 +0200] "GET /login HTTP/1.1" 200 1365
0:0:0:0:0:0:0:1 - - [11/Jun/2015:15:02:26 +0200] "POST /login HTTP/1.1" 302 -
0:0:0:0:0:0:0:1 - - [11/Jun/2015:15:02:26 +0200] "GET /issues HTTP/1.1" 500 391
0:0:0:0:0:0:0:1 - - [11/Jun/2015:15:04:00 +0200] "GET /login HTTP/1.1" 200 1365
0:0:0:0:0:0:0:1 - - [11/Jun/2015:15:04:05 +0200] "POST /login HTTP/1.1" 302 -
0:0:0:0:0:0:0:1 - - [11/Jun/2015:15:04:06 +0200] "GET /issues HTTP/1.1" 200 2196
0:0:0:0:0:0:0:1 - - [11/Jun/2015:15:04:17 +0200] "GET /?form HTTP/1.1" 302 -
0:0:0:0:0:0:0:1 - - [11/Jun/2015:15:04:18 +0200] "GET /issues HTTP/1.1" 200 2125
0:0:0:0:0:0:0:1 - - [11/Jun/2015:15:04:21 +0200] "GET /?form HTTP/1.1" 302 -
0:0:0:0:0:0:0:1 - - [11/Jun/2015:15:04:22 +0200] "GET /issues HTTP/1.1" 200 2125
0:0:0:0:0:0:0:1 - - [11/Jun/2015:15:04:34 +0200] "GET / HTTP/1.1" 302 -
0:0:0:0:0:0:0:1 - - [11/Jun/2015:15:04:34 +0200] "GET /issues HTTP/1.1" 200 2125
0:0:0:0:0:0:0:1 - - [11/Jun/2015:15:05:05 +0200] "GET /?form HTTP/1.1" 302 -
0:0:0:0:0:0:0:1 - - [11/Jun/2015:15:05:05 +0200] "GET /issues HTTP/1.1" 200 2125
0:0:0:0:0:0:0:1 - - [11/Jun/2015:15:06:30 +0200] "GET /issues HTTP/1.1" 500 319
0:0:0:0:0:0:0:1 - - [11/Jun/2015:15:06:39 +0200] "GET /login HTTP/1.1" 200 1365
0:0:0:0:0:0:0:1 - - [11/Jun/2015:15:06:42 +0200] "POST /login HTTP/1.1" 302 -
0:0:0:0:0:0:0:1 - - [11/Jun/2015:15:06:43 +0200] "GET /issues HTTP/1.1" 200 2197
0:0:0:0:0:0:0:1 - - [11/Jun/2015:15:06:45 +0200] "GET /?form HTTP/1.1" 302 -
0:0:0:0:0:0:0:1 - - [11/Jun/2015:15:06:46 +0200] "GET /issues HTTP/1.1" 200 2126
0:0:0:0:0:0:0:1 - - [11/Jun/2015:15:08:21 +0200] "GET /login HTTP/1.1" 200 1365
0:0:0:0:0:0:0:1 - - [11/Jun/2015:15:08:22 +0200] "GET /css/bootstrap.min.css HTTP/1.1" 400 275
0:0:0:0:0:0:0:1 - - [11/Jun/2015:15:08:25 +0200] "GET /login HTTP/1.1" 200 1365
0:0:0:0:0:0:0:1 - - [11/Jun/2015:15:08:25 +0200] "GET /css/bootstrap.min.css HTTP/1.1" 400 275
0:0:0:0:0:0:0:1 - - [11/Jun/2015:15:08:40 +0200] "POST /login HTTP/1.1" 302 -
0:0:0:0:0:0:0:1 - - [11/Jun/2015:15:08:40 +0200] "GET /issues HTTP/1.1" 200 2197
0:0:0:0:0:0:0:1 - - [11/Jun/2015:15:08:41 +0200] "GET /css/bootstrap.min.css HTTP/1.1" 400 275
0:0:0:0:0:0:0:1 - - [11/Jun/2015:15:09:07 +0200] "GET /login HTTP/1.1" 200 1365
0:0:0:0:0:0:0:1 - - [11/Jun/2015:15:09:07 +0200] "GET /css/bootstrap.min.css HTTP/1.1" 200 83053
0:0:0:0:0:0:0:1 - - [11/Jun/2015:15:09:10 +0200] "POST /login HTTP/1.1" 302 -
0:0:0:0:0:0:0:1 - - [11/Jun/2015:15:09:10 +0200] "GET /issues HTTP/1.1" 200 2197
0:0:0:0:0:0:0:1 - - [11/Jun/2015:15:09:21 +0200] "GET /?form HTTP/1.1" 302 -
0:0:0:0:0:0:0:1 - - [11/Jun/2015:15:09:21 +0200] "GET /issues HTTP/1.1" 200 2126
0:0:0:0:0:0:0:1 - - [11/Jun/2015:15:10:20 +0200] "GET /login HTTP/1.1" 200 1365
0:0:0:0:0:0:0:1 - - [11/Jun/2015:15:10:24 +0200] "POST /login HTTP/1.1" 302 -
0:0:0:0:0:0:0:1 - - [11/Jun/2015:15:10:24 +0200] "GET /issues HTTP/1.1" 200 2197
0:0:0:0:0:0:0:1 - - [11/Jun/2015:15:10:27 +0200] "GET /?form HTTP/1.1" 302 -
0:0:0:0:0:0:0:1 - - [11/Jun/2015:15:10:27 +0200] "GET /issues HTTP/1.1" 200 2126
0:0:0:0:0:0:0:1 - - [11/Jun/2015:15:10:34 +0200] "GET / HTTP/1.1" 302 -
0:0:0:0:0:0:0:1 - - [11/Jun/2015:15:10:34 +0200] "GET /issues HTTP/1.1" 200 2126
0:0:0:0:0:0:0:1 - - [11/Jun/2015:15:10:42 +0200] "GET /?form HTTP/1.1" 302 -
0:0:0:0:0:0:0:1 - - [11/Jun/2015:15:10:45 +0200] "GET /issues HTTP/1.1" 200 2126
0:0:0:0:0:0:0:1 - - [11/Jun/2015:15:16:10 +0200] "GET /login HTTP/1.1" 200 1365
0:0:0:0:0:0:0:1 - - [11/Jun/2015:15:16:13 +0200] "POST /login HTTP/1.1" 302 -
0:0:0:0:0:0:0:1 - - [11/Jun/2015:15:16:13 +0200] "GET /issues HTTP/1.1" 200 2197
0:0:0:0:0:0:0:1 - - [11/Jun/2015:15:16:15 +0200] "GET /?form HTTP/1.1" 302 -
0:0:0:0:0:0:0:1 - - [11/Jun/2015:15:16:16 +0200] "GET /issues HTTP/1.1" 200 2126
0:0:0:0:0:0:0:1 - - [11/Jun/2015:15:16:20 +0200] "GET / HTTP/1.1" 302 -
0:0:0:0:0:0:0:1 - - [11/Jun/2015:15:16:20 +0200] "GET /issues HTTP/1.1" 200 2126
0:0:0:0:0:0:0:1 - - [11/Jun/2015:15:17:31 +0200] "GET /login HTTP/1.1" 200 1365
0:0:0:0:0:0:0:1 - - [11/Jun/2015:15:17:34 +0200] "POST /login HTTP/1.1" 302 -
0:0:0:0:0:0:0:1 - - [11/Jun/2015:15:17:35 +0200] "GET /issues HTTP/1.1" 200 2197
0:0:0:0:0:0:0:1 - - [11/Jun/2015:15:17:37 +0200] "GET /?form HTTP/1.1" 302 -
0:0:0:0:0:0:0:1 - - [11/Jun/2015:15:17:37 +0200] "GET /issues HTTP/1.1" 200 2126
0:0:0:0:0:0:0:1 - - [11/Jun/2015:15:17:55 +0200] "GET /create HTTP/1.1" 500 444
0:0:0:0:0:0:0:1 - - [11/Jun/2015:15:19:33 +0200] "GET /login HTTP/1.1" 200 1365
0:0:0:0:0:0:0:1 - - [11/Jun/2015:15:19:37 +0200] "POST /login HTTP/1.1" 302 -
0:0:0:0:0:0:0:1 - - [11/Jun/2015:15:19:37 +0200] "GET /issues HTTP/1.1" 200 2197
0:0:0:0:0:0:0:1 - - [11/Jun/2015:15:19:39 +0200] "GET /?form HTTP/1.1" 302 -
0:0:0:0:0:0:0:1 - - [11/Jun/2015:15:19:40 +0200] "GET /issues HTTP/1.1" 200 2126
0:0:0:0:0:0:0:1 - - [11/Jun/2015:15:19:47 +0200] "GET / HTTP/1.1" 302 -
0:0:0:0:0:0:0:1 - - [11/Jun/2015:15:19:47 +0200] "GET /issues HTTP/1.1" 200 2126
0:0:0:0:0:0:0:1 - - [11/Jun/2015:15:21:38 +0200] "GET /login HTTP/1.1" 200 1372
0:0:0:0:0:0:0:1 - - [11/Jun/2015:15:21:42 +0200] "POST /login HTTP/1.1" 302 -
0:0:0:0:0:0:0:1 - - [11/Jun/2015:15:21:43 +0200] "GET /issues/list HTTP/1.1" 200 2206
0:0:0:0:0:0:0:1 - - [11/Jun/2015:15:21:45 +0200] "GET /?create HTTP/1.1" 302 -
0:0:0:0:0:0:0:1 - - [11/Jun/2015:15:21:45 +0200] "GET /issues/list HTTP/1.1" 200 2135
0:0:0:0:0:0:0:1 - - [11/Jun/2015:15:21:47 +0200] "GET /?create HTTP/1.1" 302 -
0:0:0:0:0:0:0:1 - - [11/Jun/2015:15:21:47 +0200] "GET /issues/list HTTP/1.1" 200 2135
0:0:0:0:0:0:0:1 - - [11/Jun/2015:15:22:47 +0200] "GET /login HTTP/1.1" 200 1378
0:0:0:0:0:0:0:1 - - [11/Jun/2015:15:22:48 +0200] "GET /login HTTP/1.1" 200 1378
0:0:0:0:0:0:0:1 - - [11/Jun/2015:15:22:52 +0200] "POST /login HTTP/1.1" 302 -
0:0:0:0:0:0:0:1 - - [11/Jun/2015:15:22:52 +0200] "GET /issues/list HTTP/1.1" 200 2212
0:0:0:0:0:0:0:1 - - [11/Jun/2015:15:22:56 +0200] "GET /issues/create HTTP/1.1" 200 1350
0:0:0:0:0:0:0:1 - - [11/Jun/2015:15:23:02 +0200] "GET / HTTP/1.1" 302 -
0:0:0:0:0:0:0:1 - - [11/Jun/2015:15:23:03 +0200] "GET /issues/list HTTP/1.1" 200 2141
0:0:0:0:0:0:0:1 - - [11/Jun/2015:15:23:08 +0200] "GET /?create HTTP/1.1" 302 -
0:0:0:0:0:0:0:1 - - [11/Jun/2015:15:23:09 +0200] "GET /issues/list HTTP/1.1" 200 2141
0:0:0:0:0:0:0:1 - - [11/Jun/2015:15:24:40 +0200] "GET /issues/login HTTP/1.1" 400 368
0:0:0:0:0:0:0:1 - - [11/Jun/2015:15:24:43 +0200] "GET /login HTTP/1.1" 200 1378
0:0:0:0:0:0:0:1 - - [11/Jun/2015:15:24:46 +0200] "POST /login HTTP/1.1" 302 -
0:0:0:0:0:0:0:1 - - [11/Jun/2015:15:24:47 +0200] "GET /issues/list HTTP/1.1" 200 2218
0:0:0:0:0:0:0:1 - - [11/Jun/2015:15:24:48 +0200] "GET /issues/create HTTP/1.1" 200 1357
0:0:0:0:0:0:0:1 - - [11/Jun/2015:15:25:00 +0200] "POST /issues/create HTTP/1.1" 302 -
0:0:0:0:0:0:0:1 - - [11/Jun/2015:15:25:01 +0200] "GET /issues/list HTTP/1.1" 200 2536
0:0:0:0:0:0:0:1 - - [11/Jun/2015:15:37:36 +0200] "GET /login HTTP/1.1" 200 1378
0:0:0:0:0:0:0:1 - - [11/Jun/2015:15:37:37 +0200] "GET /css/bootstrap.min.css HTTP/1.1" 304 -
0:0:0:0:0:0:0:1 - - [11/Jun/2015:15:37:40 +0200] "POST /login HTTP/1.1" 302 -
0:0:0:0:0:0:0:1 - - [11/Jun/2015:15:37:41 +0200] "GET /issues/list HTTP/1.1" 200 2535
0:0:0:0:0:0:0:1 - - [11/Jun/2015:15:38:27 +0200] "GET /login HTTP/1.1" 200 1378
0:0:0:0:0:0:0:1 - - [11/Jun/2015:15:38:30 +0200] "POST /login HTTP/1.1" 302 -
0:0:0:0:0:0:0:1 - - [11/Jun/2015:15:38:30 +0200] "GET /issues/list HTTP/1.1" 200 2535
0:0:0:0:0:0:0:1 - - [11/Jun/2015:15:38:40 +0200] "GET /issues/4 HTTP/1.1" 500 348
0:0:0:0:0:0:0:1 - - [11/Jun/2015:15:40:52 +0200] "GET /issues/4 HTTP/1.1" 500 348
0:0:0:0:0:0:0:1 - - [11/Jun/2015:15:42:37 +0200] "GET /login HTTP/1.1" 200 1378
0:0:0:0:0:0:0:1 - - [11/Jun/2015:15:42:40 +0200] "POST /login HTTP/1.1" 302 -
0:0:0:0:0:0:0:1 - - [11/Jun/2015:15:42:41 +0200] "GET /issues/list HTTP/1.1" 200 2535
0:0:0:0:0:0:0:1 - - [11/Jun/2015:15:43:46 +0200] "GET /login HTTP/1.1" 200 1378
0:0:0:0:0:0:0:1 - - [11/Jun/2015:15:43:49 +0200] "POST /login HTTP/1.1" 302 -
0:0:0:0:0:0:0:1 - - [11/Jun/2015:15:43:50 +0200] "GET /issues/list HTTP/1.1" 200 2535
0:0:0:0:0:0:0:1 - - [11/Jun/2015:15:43:55 +0200] "GET /issues/4 HTTP/1.1" 200 1385
0:0:0:0:0:0:0:1 - - [11/Jun/2015:15:46:04 +0200] "GET /login HTTP/1.1" 200 1378
0:0:0:0:0:0:0:1 - - [11/Jun/2015:15:46:08 +0200] "POST /login HTTP/1.1" 302 -
0:0:0:0:0:0:0:1 - - [11/Jun/2015:15:46:08 +0200] "GET /issues/list HTTP/1.1" 200 2535
0:0:0:0:0:0:0:1 - - [11/Jun/2015:15:46:14 +0200] "GET /issues/4 HTTP/1.1" 200 1394
0:0:0:0:0:0:0:1 - - [11/Jun/2015:15:46:34 +0200] "POST /issues/create HTTP/1.1" 500 319
0:0:0:0:0:0:0:1 - - [11/Jun/2015:15:47:41 +0200] "GET /login HTTP/1.1" 200 1378
0:0:0:0:0:0:0:1 - - [11/Jun/2015:15:47:45 +0200] "POST /login HTTP/1.1" 302 -
0:0:0:0:0:0:0:1 - - [11/Jun/2015:15:47:46 +0200] "GET /issues/list HTTP/1.1" 200 2535
0:0:0:0:0:0:0:1 - - [11/Jun/2015:15:47:52 +0200] "GET /issues/4 HTTP/1.1" 200 1463
0:0:0:0:0:0:0:1 - - [11/Jun/2015:15:48:00 +0200] "POST /issues/create HTTP/1.1" 302 -
0:0:0:0:0:0:0:1 - - [11/Jun/2015:15:48:01 +0200] "GET /issues/list HTTP/1.1" 200 2853
0:0:0:0:0:0:0:1 - - [11/Jun/2015:15:51:53 +0200] "GET /login HTTP/1.1" 200 1378
0:0:0:0:0:0:0:1 - - [11/Jun/2015:15:51:53 +0200] "GET /login HTTP/1.1" 200 1378
0:0:0:0:0:0:0:1 - - [11/Jun/2015:15:51:57 +0200] "POST /login HTTP/1.1" 302 -
0:0:0:0:0:0:0:1 - - [11/Jun/2015:15:51:57 +0200] "GET /issues/list HTTP/1.1" 200 2852
0:0:0:0:0:0:0:1 - - [11/Jun/2015:15:52:04 +0200] "GET /issues/4 HTTP/1.1" 200 1463
0:0:0:0:0:0:0:1 - - [11/Jun/2015:15:52:08 +0200] "POST /issues/create HTTP/1.1" 302 -
0:0:0:0:0:0:0:1 - - [11/Jun/2015:15:52:09 +0200] "GET /issues/list HTTP/1.1" 200 2846
0:0:0:0:0:0:0:1 - - [11/Jun/2015:15:52:40 +0200] "GET /issues/tokn136/tado-issue-creator HTTP/1.1" 200 2781
0:0:0:0:0:0:0:1 - - [11/Jun/2015:15:53:11 +0200] "GET /issues/4 HTTP/1.1" 200 1463
0:0:0:0:0:0:0:1 - - [11/Jun/2015:15:53:43 +0200] "GET /login HTTP/1.1" 200 1378
0:0:0:0:0:0:0:1 - - [11/Jun/2015:15:53:46 +0200] "POST /login HTTP/1.1" 302 -
0:0:0:0:0:0:0:1 - - [11/Jun/2015:15:53:47 +0200] "GET /issues/list HTTP/1.1" 200 2852
0:0:0:0:0:0:0:1 - - [11/Jun/2015:15:53:51 +0200] "GET /issues/4 HTTP/1.1" 200 1463
0:0:0:0:0:0:0:1 - - [11/Jun/2015:15:53:51 +0200] "GET /issues/4 HTTP/1.1" 200 1463
0:0:0:0:0:0:0:1 - - [11/Jun/2015:15:55:00 +0200] "POST /issues/create HTTP/1.1" 302 -
0:0:0:0:0:0:0:1 - - [11/Jun/2015:15:55:01 +0200] "GET /issues/list HTTP/1.1" 200 2846
0:0:0:0:0:0:0:1 - - [11/Jun/2015:15:55:19 +0200] "GET /issues/4 HTTP/1.1" 200 1463
0:0:0:0:0:0:0:1 - - [11/Jun/2015:15:55:32 +0200] "POST /issues/create HTTP/1.1" 302 -
0:0:0:0:0:0:0:1 - - [11/Jun/2015:15:55:32 +0200] "GET /issues/list HTTP/1.1" 200 2846
0:0:0:0:0:0:0:1 - - [11/Jun/2015:16:00:59 +0200] "GET /login HTTP/1.1" 200 1378
0:0:0:0:0:0:0:1 - - [11/Jun/2015:16:00:59 +0200] "GET /css/bootstrap.min.css HTTP/1.1" 304 -
0:0:0:0:0:0:0:1 - - [11/Jun/2015:16:01:03 +0200] "POST /login HTTP/1.1" 302 -
0:0:0:0:0:0:0:1 - - [11/Jun/2015:16:01:03 +0200] "GET /issues/list HTTP/1.1" 200 2577
0:0:0:0:0:0:0:1 - - [11/Jun/2015:16:01:08 +0200] "GET /issues/5 HTTP/1.1" 200 1481
0:0:0:0:0:0:0:1 - - [11/Jun/2015:16:01:10 +0200] "POST /issues/create HTTP/1.1" 302 -
0:0:0:0:0:0:0:1 - - [11/Jun/2015:16:01:10 +0200] "GET /issues/list HTTP/1.1" 200 2571
127.0.0.1 - - [11/Jun/2015:16:02:45 +0200] "GET /login HTTP/1.1" 200 1378
127.0.0.1 - - [11/Jun/2015:16:02:49 +0200] "POST /login HTTP/1.1" 302 -
127.0.0.1 - - [11/Jun/2015:16:02:50 +0200] "GET /issues/list HTTP/1.1" 200 2577
0:0:0:0:0:0:0:1 - - [11/Jun/2015:16:03:41 +0200] "GET /login HTTP/1.1" 200 1378
0:0:0:0:0:0:0:1 - - [11/Jun/2015:16:03:44 +0200] "POST /login HTTP/1.1" 302 -
0:0:0:0:0:0:0:1 - - [11/Jun/2015:16:03:46 +0200] "GET /issues/list HTTP/1.1" 200 2577
0:0:0:0:0:0:0:1 - - [11/Jun/2015:16:03:49 +0200] "GET /issues/5 HTTP/1.1" 200 1481
0:0:0:0:0:0:0:1 - - [11/Jun/2015:16:03:51 +0200] "POST /issues/create HTTP/1.1" 302 -
0:0:0:0:0:0:0:1 - - [11/Jun/2015:16:03:51 +0200] "GET /issues/list HTTP/1.1" 200 2568
0:0:0:0:0:0:0:1 - - [11/Jun/2015:16:04:06 +0200] "GET /issues/4 HTTP/1.1" 200 1481
0:0:0:0:0:0:0:1 - - [11/Jun/2015:16:04:08 +0200] "POST /issues/create HTTP/1.1" 302 -
0:0:0:0:0:0:0:1 - - [11/Jun/2015:16:04:08 +0200] "GET /issues/list HTTP/1.1" 200 2568
0:0:0:0:0:0:0:1 - - [11/Jun/2015:16:04:10 +0200] "GET /issues/create HTTP/1.1" 200 1452
0:0:0:0:0:0:0:1 - - [11/Jun/2015:16:04:15 +0200] "POST /issues/create HTTP/1.1" 500 319
0:0:0:0:0:0:0:1 - - [11/Jun/2015:16:04:33 +0200] "GET /issues/create HTTP/1.1" 200 1452
0:0:0:0:0:0:0:1 - - [11/Jun/2015:16:05:08 +0200] "GET /login HTTP/1.1" 200 1378
0:0:0:0:0:0:0:1 - - [11/Jun/2015:16:05:12 +0200] "POST /login HTTP/1.1" 302 -
0:0:0:0:0:0:0:1 - - [11/Jun/2015:16:05:12 +0200] "GET /issues/list HTTP/1.1" 200 2577
0:0:0:0:0:0:0:1 - - [11/Jun/2015:16:05:15 +0200] "GET /issues/create HTTP/1.1" 200 1452
0:0:0:0:0:0:0:1 - - [11/Jun/2015:16:05:30 +0200] "POST /issues/create HTTP/1.1" 500 319
0:0:0:0:0:0:0:1 - - [11/Jun/2015:16:06:15 +0200] "GET /login HTTP/1.1" 200 1378
0:0:0:0:0:0:0:1 - - [11/Jun/2015:16:06:16 +0200] "GET /login HTTP/1.1" 200 1378
0:0:0:0:0:0:0:1 - - [11/Jun/2015:16:06:20 +0200] "POST /login HTTP/1.1" 302 -
0:0:0:0:0:0:0:1 - - [11/Jun/2015:16:06:21 +0200] "GET /issues/list HTTP/1.1" 200 2577
0:0:0:0:0:0:0:1 - - [11/Jun/2015:16:06:22 +0200] "GET /issues/create HTTP/1.1" 200 1452
0:0:0:0:0:0:0:1 - - [11/Jun/2015:16:06:35 +0200] "POST /issues/create HTTP/1.1" 302 -
0:0:0:0:0:0:0:1 - - [11/Jun/2015:16:06:35 +0200] "GET /issues/list HTTP/1.1" 200 2818
0:0:0:0:0:0:0:1 - - [11/Jun/2015:16:08:06 +0200] "GET /login HTTP/1.1" 200 1378
0:0:0:0:0:0:0:1 - - [11/Jun/2015:16:08:10 +0200] "POST /login HTTP/1.1" 302 -
0:0:0:0:0:0:0:1 - - [11/Jun/2015:16:08:10 +0200] "GET /issues/list HTTP/1.1" 200 2817
0:0:0:0:0:0:0:1 - - [11/Jun/2015:16:08:12 +0200] "GET /issues/create HTTP/1.1" 200 1452
0:0:0:0:0:0:0:1 - - [11/Jun/2015:16:08:19 +0200] "POST /issues/create HTTP/1.1" 302 -
0:0:0:0:0:0:0:1 - - [11/Jun/2015:16:08:20 +0200] "GET /issues/list HTTP/1.1" 200 3066
0:0:0:0:0:0:0:1 - - [11/Jun/2015:16:14:12 +0200] "GET /login HTTP/1.1" 200 1378
0:0:0:0:0:0:0:1 - - [11/Jun/2015:16:14:28 +0200] "POST /login HTTP/1.1" 302 -
0:0:0:0:0:0:0:1 - - [11/Jun/2015:16:14:28 +0200] "GET /issues/list HTTP/1.1" 200 3065
0:0:0:0:0:0:0:1 - - [11/Jun/2015:16:14:36 +0200] "GET /login HTTP/1.1" 302 -
0:0:0:0:0:0:0:1 - - [11/Jun/2015:16:15:29 +0200] "GET /login HTTP/1.1" 200 1378
0:0:0:0:0:0:0:1 - - [11/Jun/2015:16:15:34 +0200] "POST /login HTTP/1.1" 302 -
0:0:0:0:0:0:0:1 - - [11/Jun/2015:16:15:34 +0200] "GET /login HTTP/1.1" 200 1450
0:0:0:0:0:0:0:1 - - [11/Jun/2015:16:15:49 +0200] "POST /login HTTP/1.1" 302 -
0:0:0:0:0:0:0:1 - - [11/Jun/2015:16:15:50 +0200] "GET /issues/list HTTP/1.1" 200 1405
0:0:0:0:0:0:0:1 - - [11/Jun/2015:16:16:05 +0200] "GET /issues/list HTTP/1.1" 200 1334
0:0:0:0:0:0:0:1 - - [11/Jun/2015:16:16:59 +0200] "GET /issues/list HTTP/1.1" 200 2994
0:0:0:0:0:0:0:1 - - [11/Jun/2015:16:17:13 +0200] "GET /issues/create HTTP/1.1" 200 1452
0:0:0:0:0:0:0:1 - - [11/Jun/2015:16:17:22 +0200] "POST /issues/create HTTP/1.1" 302 -
0:0:0:0:0:0:0:1 - - [11/Jun/2015:16:17:23 +0200] "GET /issues/list HTTP/1.1" 200 3318
0:0:0:0:0:0:0:1 - - [11/Jun/2015:16:17:35 +0200] "GET /issues/8 HTTP/1.1" 200 1471
0:0:0:0:0:0:0:1 - - [11/Jun/2015:16:17:41 +0200] "POST /issues/create HTTP/1.1" 302 -
0:0:0:0:0:0:0:1 - - [11/Jun/2015:16:17:41 +0200] "GET /issues/list HTTP/1.1" 200 3308
0:0:0:0:0:0:0:1 - - [11/Jun/2015:16:18:26 +0200] "GET /issues/create HTTP/1.1" 200 1452
0:0:0:0:0:0:0:1 - - [11/Jun/2015:16:18:29 +0200] "POST /issues/create HTTP/1.1" 302 -
0:0:0:0:0:0:0:1 - - [11/Jun/2015:16:18:30 +0200] "GET /issues/list HTTP/1.1" 200 3308
0:0:0:0:0:0:0:1 - - [11/Jun/2015:16:18:36 +0200] "GET /issues/create HTTP/1.1" 200 1452
0:0:0:0:0:0:0:1 - - [11/Jun/2015:16:19:44 +0200] "GET /login HTTP/1.1" 200 1378
0:0:0:0:0:0:0:1 - - [11/Jun/2015:16:19:46 +0200] "POST /login HTTP/1.1" 302 -
0:0:0:0:0:0:0:1 - - [11/Jun/2015:16:19:47 +0200] "GET /issues/list HTTP/1.1" 200 3317
0:0:0:0:0:0:0:1 - - [11/Jun/2015:16:19:48 +0200] "GET /issues/create HTTP/1.1" 200 1452
0:0:0:0:0:0:0:1 - - [11/Jun/2015:16:19:50 +0200] "POST /issues/create HTTP/1.1" 500 444
0:0:0:0:0:0:0:1 - - [11/Jun/2015:16:20:29 +0200] "GET / HTTP/1.1" 200 1378
0:0:0:0:0:0:0:1 - - [11/Jun/2015:16:20:34 +0200] "POST /login HTTP/1.1" 302 -
0:0:0:0:0:0:0:1 - - [11/Jun/2015:16:20:34 +0200] "GET /login HTTP/1.1" 200 1450
0:0:0:0:0:0:0:1 - - [11/Jun/2015:16:20:42 +0200] "POST /login HTTP/1.1" 302 -
0:0:0:0:0:0:0:1 - - [11/Jun/2015:16:20:43 +0200] "GET /issues/list HTTP/1.1" 200 3317
0:0:0:0:0:0:0:1 - - [11/Jun/2015:16:20:45 +0200] "GET /issues/create HTTP/1.1" 200 1452
0:0:0:0:0:0:0:1 - - [11/Jun/2015:16:20:47 +0200] "POST /issues/create HTTP/1.1" 500 402
0:0:0:0:0:0:0:1 - - [11/Jun/2015:16:22:05 +0200] "GET /login HTTP/1.1" 302 -
0:0:0:0:0:0:0:1 - - [11/Jun/2015:16:22:05 +0200] "GET /login HTTP/1.1" 302 -
0:0:0:0:0:0:0:1 - - [11/Jun/2015:16:22:06 +0200] "GET /issues/list HTTP/1.1" 200 3246
0:0:0:0:0:0:0:1 - - [11/Jun/2015:16:25:42 +0200] "GET /issues/list HTTP/1.1" 200 3246
0:0:0:0:0:0:0:1 - - [11/Jun/2015:16:25:43 +0200] "GET /css/bootstrap.min.css HTTP/1.1" 304 -
0:0:0:0:0:0:0:1 - - [11/Jun/2015:16:26:02 +0200] "GET / HTTP/1.1" 302 -
0:0:0:0:0:0:0:1 - - [11/Jun/2015:16:26:02 +0200] "GET /issues/list HTTP/1.1" 200 3246
0:0:0:0:0:0:0:1 - - [11/Jun/2015:16:26:02 +0200] "GET /css/bootstrap.min.css HTTP/1.1" 200 83053
0:0:0:0:0:0:0:1 - - [11/Jun/2015:16:26:51 +0200] "GET /issues/tokn136/tado-issue-creator HTTP/1.1" 200 3246
0:0:0:0:0:0:0:1 - - [11/Jun/2015:16:26:51 +0200] "GET /css/bootstrap.min.css HTTP/1.1" 304 -
0:0:0:0:0:0:0:1 - - [11/Jun/2015:17:02:25 +0200] "GET /issues/8 HTTP/1.1" 200 1471
0:0:0:0:0:0:0:1 - - [11/Jun/2015:17:02:25 +0200] "GET /css/bootstrap.min.css HTTP/1.1" 304 -
0:0:0:0:0:0:0:1 - - [11/Jun/2015:17:03:13 +0200] "GET / HTTP/1.1" 302 -
0:0:0:0:0:0:0:1 - - [11/Jun/2015:17:03:13 +0200] "GET /issues/list HTTP/1.1" 200 3246
0:0:0:0:0:0:0:1 - - [11/Jun/2015:17:03:13 +0200] "GET /css/bootstrap.min.css HTTP/1.1" 304 -
0:0:0:0:0:0:0:1 - - [11/Jun/2015:17:03:13 +0200] "GET /issues/create HTTP/1.1" 200 1452
0:0:0:0:0:0:0:1 - - [11/Jun/2015:17:03:14 +0200] "GET / HTTP/1.1" 302 -
0:0:0:0:0:0:0:1 - - [11/Jun/2015:17:03:15 +0200] "GET /issues/list HTTP/1.1" 200 3246
127.0.0.1 - - [11/Jun/2015:17:47:02 +0200] "GET /login HTTP/1.1" 200 1388
127.0.0.1 - - [11/Jun/2015:17:47:02 +0200] "GET /css/bootstrap.min.css HTTP/1.1" 304 -
127.0.0.1 - - [11/Jun/2015:17:47:13 +0200] "GET /login HTTP/1.1" 200 1388
127.0.0.1 - - [11/Jun/2015:17:47:13 +0200] "GET /css/bootstrap.min.css HTTP/1.1" 304 -
0:0:0:0:0:0:0:1 - - [11/Jun/2015:17:47:24 +0200] "GET /login HTTP/1.1" 200 1564
0:0:0:0:0:0:0:1 - - [11/Jun/2015:17:47:24 +0200] "GET /css/bootstrap.min.css;jsessionid=D5CCF7FEE271319DBFFB59099B91B655 HTTP/1.1" 200 83053
0:0:0:0:0:0:0:1 - - [11/Jun/2015:18:05:33 +0200] "GET /login HTTP/1.1" 500 319
0:0:0:0:0:0:0:1 - - [11/Jun/2015:18:06:29 +0200] "GET /login HTTP/1.1" 200 1388
0:0:0:0:0:0:0:1 - - [11/Jun/2015:18:06:35 +0200] "POST /login HTTP/1.1" 302 -
0:0:0:0:0:0:0:1 - - [11/Jun/2015:18:06:35 +0200] "GET /login HTTP/1.1" 200 1460
0:0:0:0:0:0:0:1 - - [11/Jun/2015:18:09:08 +0200] "GET /login HTTP/1.1" 200 1388
0:0:0:0:0:0:0:1 - - [11/Jun/2015:18:09:12 +0200] "POST /login HTTP/1.1" 302 -
0:0:0:0:0:0:0:1 - - [11/Jun/2015:18:09:12 +0200] "GET /login HTTP/1.1" 200 1460
0:0:0:0:0:0:0:1 - - [11/Jun/2015:18:09:24 +0200] "POST /login HTTP/1.1" 302 -
0:0:0:0:0:0:0:1 - - [11/Jun/2015:18:09:35 +0200] "GET /login HTTP/1.1" 200 1460
0:0:0:0:0:0:0:1 - - [11/Jun/2015:18:10:22 +0200] "POST /login HTTP/1.1" 302 -
0:0:0:0:0:0:0:1 - - [11/Jun/2015:18:10:26 +0200] "GET /login HTTP/1.1" 200 1460
0:0:0:0:0:0:0:1 - - [11/Jun/2015:18:11:26 +0200] "GET /login HTTP/1.1" 200 1388
0:0:0:0:0:0:0:1 - - [11/Jun/2015:18:12:13 +0200] "POST /login HTTP/1.1" 302 -
0:0:0:0:0:0:0:1 - - [11/Jun/2015:18:12:14 +0200] "GET /issues/list HTTP/1.1" 200 3327
0:0:0:0:0:0:0:1 - - [11/Jun/2015:18:12:20 +0200] "GET /issues/list HTTP/1.1" 500 319
0:0:0:0:0:0:0:1 - - [11/Jun/2015:18:12:25 +0200] "GET /login HTTP/1.1" 200 1388
0:0:0:0:0:0:0:1 - - [11/Jun/2015:18:12:25 +0200] "GET /css/bootstrap.min.css HTTP/1.1" 200 83053
0:0:0:0:0:0:0:1 - - [11/Jun/2015:18:12:31 +0200] "POST /login HTTP/1.1" 302 -
0:0:0:0:0:0:0:1 - - [11/Jun/2015:18:12:32 +0200] "GET /issues/list HTTP/1.1" 200 3327
0:0:0:0:0:0:0:1 - - [11/Jun/2015:18:13:10 +0200] "GET /issues/ist HTTP/1.1" 400 477
0:0:0:0:0:0:0:1 - - [11/Jun/2015:18:13:28 +0200] "GET /issues/list HTTP/1.1" 200 1294
0:0:0:0:0:0:0:1 - - [11/Jun/2015:18:13:29 +0200] "GET /issues/create HTTP/1.1" 200 1412
0:0:0:0:0:0:0:1 - - [11/Jun/2015:18:13:34 +0200] "POST /issues/create HTTP/1.1" 302 -
0:0:0:0:0:0:0:1 - - [11/Jun/2015:18:13:34 +0200] "GET /issues/list HTTP/1.1" 200 1356
0:0:0:0:0:0:0:1 - - [11/Jun/2015:18:14:11 +0200] "GET /issues/list HTTP/1.1" 200 3256
0:0:0:0:0:0:0:1 - - [11/Jun/2015:18:14:16 +0200] "GET /issues/create HTTP/1.1" 200 1462
0:0:0:0:0:0:0:1 - - [11/Jun/2015:18:14:19 +0200] "POST /issues/create HTTP/1.1" 302 -
0:0:0:0:0:0:0:1 - - [11/Jun/2015:18:14:19 +0200] "GET /issues/list HTTP/1.1" 200 3572
0:0:0:0:0:0:0:1 - - [11/Jun/2015:18:29:34 +0200] "GET /login HTTP/1.1" 200 1388
0:0:0:0:0:0:0:1 - - [11/Jun/2015:18:29:39 +0200] "POST /login HTTP/1.1" 302 -
0:0:0:0:0:0:0:1 - - [11/Jun/2015:18:29:40 +0200] "GET /issues/list HTTP/1.1" 200 3571
0:0:0:0:0:0:0:1 - - [11/Jun/2015:18:29:47 +0200] "GET /login HTTP/1.1" 302 -
0:0:0:0:0:0:0:1 - - [11/Jun/2015:18:29:48 +0200] "GET /issues/list HTTP/1.1" 200 3500
0:0:0:0:0:0:0:1 - - [11/Jun/2015:18:30:03 +0200] "GET /login HTTP/1.1" 200 1388
0:0:0:0:0:0:0:1 - - [11/Jun/2015:18:30:03 +0200] "GET /css/bootstrap.min.css HTTP/1.1" 304 -
0:0:0:0:0:0:0:1 - - [11/Jun/2015:18:30:05 +0200] "POST /login HTTP/1.1" 302 -
0:0:0:0:0:0:0:1 - - [11/Jun/2015:18:30:06 +0200] "GET /issues/list HTTP/1.1" 200 3571
0:0:0:0:0:0:0:1 - - [11/Jun/2015:18:30:09 +0200] "GET /issues/ist HTTP/1.1" 400 477
0:0:0:0:0:0:0:1 - - [11/Jun/2015:18:30:13 +0200] "GET /issues/list HTTP/1.1" 200 3500
0:0:0:0:0:0:0:1 - - [11/Jun/2015:18:30:16 +0200] "GET /issues/create HTTP/1.1" 200 1462
0:0:0:0:0:0:0:1 - - [11/Jun/2015:18:30:19 +0200] "POST /issues/create HTTP/1.1" 302 -
0:0:0:0:0:0:0:1 - - [11/Jun/2015:18:30:19 +0200] "GET /issues/list HTTP/1.1" 200 3819
0:0:0:0:0:0:0:1 - - [11/Jun/2015:18:30:24 +0200] "GET /issues/list HTTP/1.1" 200 3747
